mode: set
avengers-clinic/src/booking/bookingRepository/bookingRepository.go:17.65,21.2 1 0
avengers-clinic/src/booking/bookingRepository/bookingRepository.go:24.72,42.16 3 0
avengers-clinic/src/booking/bookingRepository/bookingRepository.go:42.16,44.3 1 0
avengers-clinic/src/booking/bookingRepository/bookingRepository.go:45.2,46.16 2 0
avengers-clinic/src/booking/bookingRepository/bookingRepository.go:46.16,48.3 1 0
avengers-clinic/src/booking/bookingRepository/bookingRepository.go:50.2,50.18 1 0
avengers-clinic/src/booking/bookingRepository/bookingRepository.go:53.79,81.16 4 0
avengers-clinic/src/booking/bookingRepository/bookingRepository.go:81.16,83.3 1 0
avengers-clinic/src/booking/bookingRepository/bookingRepository.go:85.2,85.18 1 0
avengers-clinic/src/booking/bookingRepository/bookingRepository.go:90.118,110.21 5 0
avengers-clinic/src/booking/bookingRepository/bookingRepository.go:110.21,113.3 2 0
avengers-clinic/src/booking/bookingRepository/bookingRepository.go:113.7,115.3 1 0
avengers-clinic/src/booking/bookingRepository/bookingRepository.go:116.2,116.16 1 0
avengers-clinic/src/booking/bookingRepository/bookingRepository.go:116.16,118.3 1 0
avengers-clinic/src/booking/bookingRepository/bookingRepository.go:119.2,120.16 2 0
avengers-clinic/src/booking/bookingRepository/bookingRepository.go:120.16,122.3 1 0
avengers-clinic/src/booking/bookingRepository/bookingRepository.go:123.2,123.18 1 0
avengers-clinic/src/booking/bookingRepository/bookingRepository.go:126.91,143.16 3 0
avengers-clinic/src/booking/bookingRepository/bookingRepository.go:143.16,145.3 1 0
avengers-clinic/src/booking/bookingRepository/bookingRepository.go:147.2,147.19 1 0
avengers-clinic/src/booking/bookingRepository/bookingRepository.go:150.85,158.16 3 0
avengers-clinic/src/booking/bookingRepository/bookingRepository.go:158.16,160.3 1 0
avengers-clinic/src/booking/bookingRepository/bookingRepository.go:161.2,161.12 1 0
avengers-clinic/src/booking/bookingRepository/bookingRepository.go:164.63,167.16 3 0
avengers-clinic/src/booking/bookingRepository/bookingRepository.go:167.16,169.3 1 0
avengers-clinic/src/booking/bookingRepository/bookingRepository.go:171.2,171.12 1 0
avengers-clinic/src/booking/bookingRepository/bookingRepository.go:174.63,177.16 3 0
avengers-clinic/src/booking/bookingRepository/bookingRepository.go:177.16,179.3 1 0
avengers-clinic/src/booking/bookingRepository/bookingRepository.go:181.2,181.12 1 0
avengers-clinic/src/booking/bookingRepository/bookingRepository.go:184.92,190.2 4 0
avengers-clinic/src/booking/bookingRepository/bookingRepository.go:192.65,196.18 3 0
avengers-clinic/src/booking/bookingRepository/bookingRepository.go:196.18,209.17 3 0
avengers-clinic/src/booking/bookingRepository/bookingRepository.go:209.17,211.4 1 0
avengers-clinic/src/booking/bookingRepository/bookingRepository.go:212.3,212.36 1 0
avengers-clinic/src/booking/bookingRepository/bookingRepository.go:215.2,215.22 1 0
avengers-clinic/src/booking/bookingDelivery/bookingDelivery.go:20.85,26.2 3 0
avengers-clinic/src/booking/bookingDelivery/bookingDelivery.go:26.2,34.3 7 0
avengers-clinic/src/booking/bookingDelivery/bookingDelivery.go:37.52,41.16 2 0
avengers-clinic/src/booking/bookingDelivery/bookingDelivery.go:41.16,44.3 2 0
avengers-clinic/src/booking/bookingDelivery/bookingDelivery.go:46.2,46.79 1 0
avengers-clinic/src/booking/bookingDelivery/bookingDelivery.go:49.53,53.16 2 0
avengers-clinic/src/booking/bookingDelivery/bookingDelivery.go:53.16,56.3 2 0
avengers-clinic/src/booking/bookingDelivery/bookingDelivery.go:59.2,62.40 2 0
avengers-clinic/src/booking/bookingDelivery/bookingDelivery.go:62.40,65.3 2 0
avengers-clinic/src/booking/bookingDelivery/bookingDelivery.go:65.8,65.23 1 0
avengers-clinic/src/booking/bookingDelivery/bookingDelivery.go:65.23,68.3 2 0
avengers-clinic/src/booking/bookingDelivery/bookingDelivery.go:70.2,70.79 1 0
avengers-clinic/src/booking/bookingDelivery/bookingDelivery.go:74.61,78.16 2 0
avengers-clinic/src/booking/bookingDelivery/bookingDelivery.go:78.16,81.3 2 0
avengers-clinic/src/booking/bookingDelivery/bookingDelivery.go:83.2,89.40 3 0
avengers-clinic/src/booking/bookingDelivery/bookingDelivery.go:89.40,92.3 2 0
avengers-clinic/src/booking/bookingDelivery/bookingDelivery.go:92.8,92.23 1 0
avengers-clinic/src/booking/bookingDelivery/bookingDelivery.go:92.23,95.3 2 0
avengers-clinic/src/booking/bookingDelivery/bookingDelivery.go:97.2,97.79 1 0
avengers-clinic/src/booking/bookingDelivery/bookingDelivery.go:101.52,105.51 2 0
avengers-clinic/src/booking/bookingDelivery/bookingDelivery.go:105.51,108.3 2 0
avengers-clinic/src/booking/bookingDelivery/bookingDelivery.go:111.2,111.47 1 0
avengers-clinic/src/booking/bookingDelivery/bookingDelivery.go:111.47,114.3 2 0
avengers-clinic/src/booking/bookingDelivery/bookingDelivery.go:117.2,121.40 2 0
avengers-clinic/src/booking/bookingDelivery/bookingDelivery.go:121.40,125.3 2 0
avengers-clinic/src/booking/bookingDelivery/bookingDelivery.go:125.8,125.121 1 0
avengers-clinic/src/booking/bookingDelivery/bookingDelivery.go:125.121,128.3 2 0
avengers-clinic/src/booking/bookingDelivery/bookingDelivery.go:128.8,128.23 1 0
avengers-clinic/src/booking/bookingDelivery/bookingDelivery.go:128.23,131.3 2 0
avengers-clinic/src/booking/bookingDelivery/bookingDelivery.go:133.2,133.79 1 0
avengers-clinic/src/booking/bookingDelivery/bookingDelivery.go:136.58,139.16 2 0
avengers-clinic/src/booking/bookingDelivery/bookingDelivery.go:139.16,142.3 2 0
avengers-clinic/src/booking/bookingDelivery/bookingDelivery.go:144.2,146.51 2 0
avengers-clinic/src/booking/bookingDelivery/bookingDelivery.go:146.51,149.3 2 0
avengers-clinic/src/booking/bookingDelivery/bookingDelivery.go:152.2,152.47 1 0
avengers-clinic/src/booking/bookingDelivery/bookingDelivery.go:152.47,155.3 2 0
avengers-clinic/src/booking/bookingDelivery/bookingDelivery.go:157.2,158.87 2 0
avengers-clinic/src/booking/bookingDelivery/bookingDelivery.go:158.87,161.3 2 0
avengers-clinic/src/booking/bookingDelivery/bookingDelivery.go:161.8,161.23 1 0
avengers-clinic/src/booking/bookingDelivery/bookingDelivery.go:161.23,164.3 2 0
avengers-clinic/src/booking/bookingDelivery/bookingDelivery.go:166.2,166.79 1 0
avengers-clinic/src/booking/bookingDelivery/bookingDelivery.go:169.50,173.16 2 0
avengers-clinic/src/booking/bookingDelivery/bookingDelivery.go:173.16,176.3 2 0
avengers-clinic/src/booking/bookingDelivery/bookingDelivery.go:193.2,194.40 2 0
avengers-clinic/src/booking/bookingDelivery/bookingDelivery.go:194.40,197.3 2 0
avengers-clinic/src/booking/bookingDelivery/bookingDelivery.go:197.8,197.23 1 0
avengers-clinic/src/booking/bookingDelivery/bookingDelivery.go:197.23,200.3 2 0
avengers-clinic/src/booking/bookingDelivery/bookingDelivery.go:202.2,202.79 1 0
avengers-clinic/src/booking/bookingDelivery/bookingDelivery.go:205.52,207.16 2 0
avengers-clinic/src/booking/bookingDelivery/bookingDelivery.go:207.16,210.3 2 0
avengers-clinic/src/booking/bookingDelivery/bookingDelivery.go:212.2,213.40 2 0
avengers-clinic/src/booking/bookingDelivery/bookingDelivery.go:213.40,216.3 2 0
avengers-clinic/src/booking/bookingDelivery/bookingDelivery.go:216.8,216.23 1 0
avengers-clinic/src/booking/bookingDelivery/bookingDelivery.go:216.23,219.3 2 0
avengers-clinic/src/booking/bookingDelivery/bookingDelivery.go:220.2,220.80 1 0
avengers-clinic/src/booking/bookingUsecase/bookingUsecase.go:21.140,26.2 1 0
avengers-clinic/src/booking/bookingUsecase/bookingUsecase.go:28.62,30.16 2 0
avengers-clinic/src/booking/bookingUsecase/bookingUsecase.go:30.16,32.3 1 0
avengers-clinic/src/booking/bookingUsecase/bookingUsecase.go:34.2,34.18 1 0
avengers-clinic/src/booking/bookingUsecase/bookingUsecase.go:37.76,39.16 2 0
avengers-clinic/src/booking/bookingUsecase/bookingUsecase.go:39.16,41.3 1 0
avengers-clinic/src/booking/bookingUsecase/bookingUsecase.go:43.2,43.18 1 0
avengers-clinic/src/booking/bookingUsecase/bookingUsecase.go:46.113,50.16 3 0
avengers-clinic/src/booking/bookingUsecase/bookingUsecase.go:50.16,52.3 1 0
avengers-clinic/src/booking/bookingUsecase/bookingUsecase.go:54.2,54.18 1 0
avengers-clinic/src/booking/bookingUsecase/bookingUsecase.go:57.83,60.16 2 0
avengers-clinic/src/booking/bookingUsecase/bookingUsecase.go:60.16,62.3 1 0
avengers-clinic/src/booking/bookingUsecase/bookingUsecase.go:64.2,64.39 1 0
avengers-clinic/src/booking/bookingUsecase/bookingUsecase.go:64.39,66.3 1 0
avengers-clinic/src/booking/bookingUsecase/bookingUsecase.go:68.2,77.16 3 0
avengers-clinic/src/booking/bookingUsecase/bookingUsecase.go:77.16,79.3 1 0
avengers-clinic/src/booking/bookingUsecase/bookingUsecase.go:81.2,82.16 2 0
avengers-clinic/src/booking/bookingUsecase/bookingUsecase.go:82.16,84.3 1 0
avengers-clinic/src/booking/bookingUsecase/bookingUsecase.go:86.2,86.18 1 0
avengers-clinic/src/booking/bookingUsecase/bookingUsecase.go:90.111,93.16 2 0
avengers-clinic/src/booking/bookingUsecase/bookingUsecase.go:93.16,95.3 1 0
avengers-clinic/src/booking/bookingUsecase/bookingUsecase.go:97.2,97.40 1 0
avengers-clinic/src/booking/bookingUsecase/bookingUsecase.go:97.40,99.3 1 0
avengers-clinic/src/booking/bookingUsecase/bookingUsecase.go:100.2,100.29 1 0
avengers-clinic/src/booking/bookingUsecase/bookingUsecase.go:100.29,102.3 1 0
avengers-clinic/src/booking/bookingUsecase/bookingUsecase.go:103.2,103.27 1 0
avengers-clinic/src/booking/bookingUsecase/bookingUsecase.go:103.27,105.3 1 0
avengers-clinic/src/booking/bookingUsecase/bookingUsecase.go:107.2,109.17 2 0
avengers-clinic/src/booking/bookingUsecase/bookingUsecase.go:109.17,111.3 1 0
avengers-clinic/src/booking/bookingUsecase/bookingUsecase.go:113.2,114.16 2 0
avengers-clinic/src/booking/bookingUsecase/bookingUsecase.go:114.16,116.3 1 0
avengers-clinic/src/booking/bookingUsecase/bookingUsecase.go:117.2,117.18 1 0
avengers-clinic/src/booking/bookingUsecase/bookingUsecase.go:120.72,122.16 2 0
avengers-clinic/src/booking/bookingUsecase/bookingUsecase.go:122.16,124.3 1 0
avengers-clinic/src/booking/bookingUsecase/bookingUsecase.go:125.2,126.16 2 0
avengers-clinic/src/booking/bookingUsecase/bookingUsecase.go:126.16,128.3 1 0
avengers-clinic/src/booking/bookingUsecase/bookingUsecase.go:129.2,130.18 2 0
avengers-clinic/src/booking/bookingUsecase/bookingUsecase.go:133.79,135.16 2 0
avengers-clinic/src/booking/bookingUsecase/bookingUsecase.go:135.16,137.3 1 0
avengers-clinic/src/booking/bookingUsecase/bookingUsecase.go:138.2,139.16 2 0
avengers-clinic/src/booking/bookingUsecase/bookingUsecase.go:139.16,141.3 1 0
avengers-clinic/src/booking/bookingUsecase/bookingUsecase.go:142.2,143.18 2 0
avengers-clinic/src/action/actionRepository/actionRepository.go:13.64,15.2 1 1
avengers-clinic/src/action/actionRepository/actionRepository.go:17.74,23.16 3 1
avengers-clinic/src/action/actionRepository/actionRepository.go:23.16,25.3 1 1
avengers-clinic/src/action/actionRepository/actionRepository.go:26.2,28.21 3 1
avengers-clinic/src/action/actionRepository/actionRepository.go:31.88,38.2 3 1
avengers-clinic/src/action/actionRepository/actionRepository.go:40.93,47.2 3 1
avengers-clinic/src/action/actionRepository/actionRepository.go:49.85,63.2 3 1
avengers-clinic/src/action/actionRepository/actionRepository.go:65.75,79.2 3 1
avengers-clinic/src/action/actionRepository/actionRepository.go:81.67,85.2 3 1
avengers-clinic/src/action/actionRepository/actionRepository.go:87.71,91.2 3 1
avengers-clinic/src/action/actionRepository/actionRepository.go:93.68,97.2 3 1
avengers-clinic/src/action/actionRepository/actionRepository.go:99.67,103.2 3 1
avengers-clinic/src/action/actionRepository/actionRepository.go:105.57,116.2 3 1
avengers-clinic/src/action/actionRepository/actionRepository.go:118.62,120.18 2 1
avengers-clinic/src/action/actionRepository/actionRepository.go:120.18,130.17 3 1
avengers-clinic/src/action/actionRepository/actionRepository.go:130.17,132.4 1 0
avengers-clinic/src/action/actionRepository/actionRepository.go:133.3,133.36 1 1
avengers-clinic/src/action/actionRepository/actionRepository.go:135.2,135.21 1 1
avengers-clinic/src/action/actionUsecase/actionUsecase.go:14.80,16.2 1 1
avengers-clinic/src/action/actionUsecase/actionUsecase.go:18.68,21.2 2 1
avengers-clinic/src/action/actionUsecase/actionUsecase.go:23.82,25.16 2 1
avengers-clinic/src/action/actionUsecase/actionUsecase.go:25.16,27.3 1 1
avengers-clinic/src/action/actionUsecase/actionUsecase.go:28.2,28.20 1 1
avengers-clinic/src/action/actionUsecase/actionUsecase.go:31.93,32.46 1 1
avengers-clinic/src/action/actionUsecase/actionUsecase.go:32.46,34.3 1 1
avengers-clinic/src/action/actionUsecase/actionUsecase.go:36.2,47.16 5 1
avengers-clinic/src/action/actionUsecase/actionUsecase.go:47.16,49.3 1 1
avengers-clinic/src/action/actionUsecase/actionUsecase.go:51.2,51.20 1 1
avengers-clinic/src/action/actionUsecase/actionUsecase.go:54.93,56.16 2 1
avengers-clinic/src/action/actionUsecase/actionUsecase.go:56.16,58.3 1 1
avengers-clinic/src/action/actionUsecase/actionUsecase.go:60.2,60.20 1 1
avengers-clinic/src/action/actionUsecase/actionUsecase.go:60.20,61.74 1 1
avengers-clinic/src/action/actionUsecase/actionUsecase.go:61.74,63.4 1 1
avengers-clinic/src/action/actionUsecase/actionUsecase.go:64.3,64.25 1 1
avengers-clinic/src/action/actionUsecase/actionUsecase.go:67.2,67.20 1 1
avengers-clinic/src/action/actionUsecase/actionUsecase.go:67.20,69.3 1 0
avengers-clinic/src/action/actionUsecase/actionUsecase.go:71.2,71.27 1 1
avengers-clinic/src/action/actionUsecase/actionUsecase.go:71.27,73.3 1 0
avengers-clinic/src/action/actionUsecase/actionUsecase.go:74.2,77.16 3 1
avengers-clinic/src/action/actionUsecase/actionUsecase.go:77.16,79.3 1 1
avengers-clinic/src/action/actionUsecase/actionUsecase.go:80.2,80.20 1 1
avengers-clinic/src/action/actionUsecase/actionUsecase.go:83.61,85.16 2 1
avengers-clinic/src/action/actionUsecase/actionUsecase.go:85.16,87.3 1 1
avengers-clinic/src/action/actionUsecase/actionUsecase.go:88.2,89.16 2 1
avengers-clinic/src/action/actionUsecase/actionUsecase.go:89.16,91.3 1 1
avengers-clinic/src/action/actionUsecase/actionUsecase.go:92.2,92.12 1 1
avengers-clinic/src/action/actionUsecase/actionUsecase.go:95.65,97.16 2 1
avengers-clinic/src/action/actionUsecase/actionUsecase.go:97.16,99.3 1 1
avengers-clinic/src/action/actionUsecase/actionUsecase.go:100.2,101.16 2 1
avengers-clinic/src/action/actionUsecase/actionUsecase.go:101.16,103.3 1 1
avengers-clinic/src/action/actionUsecase/actionUsecase.go:104.2,104.12 1 1
avengers-clinic/src/action/actionUsecase/actionUsecase.go:107.62,109.16 2 1
avengers-clinic/src/action/actionUsecase/actionUsecase.go:109.16,111.3 1 1
avengers-clinic/src/action/actionUsecase/actionUsecase.go:112.2,113.16 2 1
avengers-clinic/src/action/actionUsecase/actionUsecase.go:113.16,115.3 1 1
avengers-clinic/src/action/actionUsecase/actionUsecase.go:116.2,116.12 1 1
avengers-clinic/src/action/actionDelivery/actionDelivery.go:19.81,22.2 3 1
avengers-clinic/src/action/actionDelivery/actionDelivery.go:22.2,30.3 7 1
avengers-clinic/src/action/actionDelivery/actionDelivery.go:33.56,35.16 2 1
avengers-clinic/src/action/actionDelivery/actionDelivery.go:35.16,38.3 2 1
avengers-clinic/src/action/actionDelivery/actionDelivery.go:40.2,40.24 1 1
avengers-clinic/src/action/actionDelivery/actionDelivery.go:40.24,43.3 2 1
avengers-clinic/src/action/actionDelivery/actionDelivery.go:45.2,45.103 1 1
avengers-clinic/src/action/actionDelivery/actionDelivery.go:48.57,51.16 3 1
avengers-clinic/src/action/actionDelivery/actionDelivery.go:51.16,52.27 1 1
avengers-clinic/src/action/actionDelivery/actionDelivery.go:52.27,55.4 2 1
avengers-clinic/src/action/actionDelivery/actionDelivery.go:57.3,58.9 2 1
avengers-clinic/src/action/actionDelivery/actionDelivery.go:61.2,61.102 1 1
avengers-clinic/src/action/actionDelivery/actionDelivery.go:64.56,66.51 2 1
avengers-clinic/src/action/actionDelivery/actionDelivery.go:66.51,69.3 2 1
avengers-clinic/src/action/actionDelivery/actionDelivery.go:71.2,71.49 1 1
avengers-clinic/src/action/actionDelivery/actionDelivery.go:71.49,74.3 2 1
avengers-clinic/src/action/actionDelivery/actionDelivery.go:76.2,77.16 2 1
avengers-clinic/src/action/actionDelivery/actionDelivery.go:77.16,78.25 1 1
avengers-clinic/src/action/actionDelivery/actionDelivery.go:78.25,81.4 2 1
avengers-clinic/src/action/actionDelivery/actionDelivery.go:83.3,84.9 2 1
avengers-clinic/src/action/actionDelivery/actionDelivery.go:87.2,87.100 1 1
avengers-clinic/src/action/actionDelivery/actionDelivery.go:90.56,92.51 2 1
avengers-clinic/src/action/actionDelivery/actionDelivery.go:92.51,95.3 2 1
avengers-clinic/src/action/actionDelivery/actionDelivery.go:96.2,99.16 3 1
avengers-clinic/src/action/actionDelivery/actionDelivery.go:99.16,100.27 1 1
avengers-clinic/src/action/actionDelivery/actionDelivery.go:100.27,103.4 2 1
avengers-clinic/src/action/actionDelivery/actionDelivery.go:105.3,105.25 1 1
avengers-clinic/src/action/actionDelivery/actionDelivery.go:105.25,108.4 2 1
avengers-clinic/src/action/actionDelivery/actionDelivery.go:110.3,111.9 2 1
avengers-clinic/src/action/actionDelivery/actionDelivery.go:114.2,114.100 1 1
avengers-clinic/src/action/actionDelivery/actionDelivery.go:117.56,120.16 3 1
avengers-clinic/src/action/actionDelivery/actionDelivery.go:120.16,121.27 1 1
avengers-clinic/src/action/actionDelivery/actionDelivery.go:121.27,124.4 2 1
avengers-clinic/src/action/actionDelivery/actionDelivery.go:126.3,127.9 2 1
avengers-clinic/src/action/actionDelivery/actionDelivery.go:129.2,129.95 1 1
avengers-clinic/src/action/actionDelivery/actionDelivery.go:132.60,135.16 3 1
avengers-clinic/src/action/actionDelivery/actionDelivery.go:135.16,136.27 1 1
avengers-clinic/src/action/actionDelivery/actionDelivery.go:136.27,139.4 2 1
avengers-clinic/src/action/actionDelivery/actionDelivery.go:141.3,142.9 2 1
avengers-clinic/src/action/actionDelivery/actionDelivery.go:144.2,144.95 1 1
avengers-clinic/src/action/actionDelivery/actionDelivery.go:147.57,150.16 3 1
avengers-clinic/src/action/actionDelivery/actionDelivery.go:150.16,151.27 1 1
avengers-clinic/src/action/actionDelivery/actionDelivery.go:151.27,154.4 2 1
avengers-clinic/src/action/actionDelivery/actionDelivery.go:156.3,157.9 2 1
avengers-clinic/src/action/actionDelivery/actionDelivery.go:159.2,159.96 1 1
avengers-clinic/src/doctorSchedule/doctorScheduleUsecase/doctorScheduleUsecase.go:20.161,25.2 1 1
avengers-clinic/src/doctorSchedule/doctorScheduleUsecase/doctorScheduleUsecase.go:27.100,31.16 3 1
avengers-clinic/src/doctorSchedule/doctorScheduleUsecase/doctorScheduleUsecase.go:31.16,33.3 1 0
avengers-clinic/src/doctorSchedule/doctorScheduleUsecase/doctorScheduleUsecase.go:35.2,36.16 2 1
avengers-clinic/src/doctorSchedule/doctorScheduleUsecase/doctorScheduleUsecase.go:36.16,38.3 1 0
avengers-clinic/src/doctorSchedule/doctorScheduleUsecase/doctorScheduleUsecase.go:39.2,39.18 1 1
avengers-clinic/src/doctorSchedule/doctorScheduleUsecase/doctorScheduleUsecase.go:42.101,44.16 2 1
avengers-clinic/src/doctorSchedule/doctorScheduleUsecase/doctorScheduleUsecase.go:44.16,46.3 1 0
avengers-clinic/src/doctorSchedule/doctorScheduleUsecase/doctorScheduleUsecase.go:48.2,51.18 3 1
avengers-clinic/src/doctorSchedule/doctorScheduleUsecase/doctorScheduleUsecase.go:54.113,59.41 2 1
avengers-clinic/src/doctorSchedule/doctorScheduleUsecase/doctorScheduleUsecase.go:59.41,62.17 2 0
avengers-clinic/src/doctorSchedule/doctorScheduleUsecase/doctorScheduleUsecase.go:62.17,64.4 1 0
avengers-clinic/src/doctorSchedule/doctorScheduleUsecase/doctorScheduleUsecase.go:68.2,69.16 2 1
avengers-clinic/src/doctorSchedule/doctorScheduleUsecase/doctorScheduleUsecase.go:69.16,71.3 1 0
avengers-clinic/src/doctorSchedule/doctorScheduleUsecase/doctorScheduleUsecase.go:73.2,74.16 2 1
avengers-clinic/src/doctorSchedule/doctorScheduleUsecase/doctorScheduleUsecase.go:74.16,76.3 1 0
avengers-clinic/src/doctorSchedule/doctorScheduleUsecase/doctorScheduleUsecase.go:78.2,78.18 1 1
avengers-clinic/src/doctorSchedule/doctorScheduleUsecase/doctorScheduleUsecase.go:81.153,85.16 3 1
avengers-clinic/src/doctorSchedule/doctorScheduleUsecase/doctorScheduleUsecase.go:85.16,87.3 1 0
avengers-clinic/src/doctorSchedule/doctorScheduleUsecase/doctorScheduleUsecase.go:90.2,94.16 4 1
avengers-clinic/src/doctorSchedule/doctorScheduleUsecase/doctorScheduleUsecase.go:94.16,96.3 1 0
avengers-clinic/src/doctorSchedule/doctorScheduleUsecase/doctorScheduleUsecase.go:98.2,98.26 1 1
avengers-clinic/src/doctorSchedule/doctorScheduleUsecase/doctorScheduleUsecase.go:98.26,100.3 1 1
avengers-clinic/src/doctorSchedule/doctorScheduleUsecase/doctorScheduleUsecase.go:102.2,102.19 1 1
avengers-clinic/src/doctorSchedule/doctorScheduleUsecase/doctorScheduleUsecase.go:105.119,107.16 2 1
avengers-clinic/src/doctorSchedule/doctorScheduleUsecase/doctorScheduleUsecase.go:107.16,109.3 1 0
avengers-clinic/src/doctorSchedule/doctorScheduleUsecase/doctorScheduleUsecase.go:111.2,111.77 1 1
avengers-clinic/src/doctorSchedule/doctorScheduleUsecase/doctorScheduleUsecase.go:111.77,114.17 2 0
avengers-clinic/src/doctorSchedule/doctorScheduleUsecase/doctorScheduleUsecase.go:114.17,116.4 1 0
avengers-clinic/src/doctorSchedule/doctorScheduleUsecase/doctorScheduleUsecase.go:117.3,120.17 3 0
avengers-clinic/src/doctorSchedule/doctorScheduleUsecase/doctorScheduleUsecase.go:120.17,122.4 1 0
avengers-clinic/src/doctorSchedule/doctorScheduleUsecase/doctorScheduleUsecase.go:125.2,125.23 1 1
avengers-clinic/src/doctorSchedule/doctorScheduleUsecase/doctorScheduleUsecase.go:125.23,127.3 1 0
avengers-clinic/src/doctorSchedule/doctorScheduleUsecase/doctorScheduleUsecase.go:129.2,129.21 1 1
avengers-clinic/src/doctorSchedule/doctorScheduleUsecase/doctorScheduleUsecase.go:129.21,131.3 1 0
avengers-clinic/src/doctorSchedule/doctorScheduleUsecase/doctorScheduleUsecase.go:134.2,134.39 1 1
avengers-clinic/src/doctorSchedule/doctorScheduleUsecase/doctorScheduleUsecase.go:134.39,136.3 1 0
avengers-clinic/src/doctorSchedule/doctorScheduleUsecase/doctorScheduleUsecase.go:138.2,142.16 4 1
avengers-clinic/src/doctorSchedule/doctorScheduleUsecase/doctorScheduleUsecase.go:142.16,144.3 1 0
avengers-clinic/src/doctorSchedule/doctorScheduleUsecase/doctorScheduleUsecase.go:146.2,146.22 1 1
avengers-clinic/src/doctorSchedule/doctorScheduleUsecase/doctorScheduleUsecase.go:149.68,151.16 2 1
avengers-clinic/src/doctorSchedule/doctorScheduleUsecase/doctorScheduleUsecase.go:151.16,153.3 1 0
avengers-clinic/src/doctorSchedule/doctorScheduleUsecase/doctorScheduleUsecase.go:155.2,156.16 2 1
avengers-clinic/src/doctorSchedule/doctorScheduleUsecase/doctorScheduleUsecase.go:156.16,158.3 1 0
avengers-clinic/src/doctorSchedule/doctorScheduleUsecase/doctorScheduleUsecase.go:159.2,159.12 1 1
avengers-clinic/src/doctorSchedule/doctorScheduleUsecase/doctorScheduleUsecase.go:162.61,164.16 2 1
avengers-clinic/src/doctorSchedule/doctorScheduleUsecase/doctorScheduleUsecase.go:164.16,166.3 1 0
avengers-clinic/src/doctorSchedule/doctorScheduleUsecase/doctorScheduleUsecase.go:167.2,167.12 1 1
avengers-clinic/src/doctorSchedule/doctorScheduleDelivery/doctorScheduleDelivery.go:20.107,26.2 3 1
avengers-clinic/src/doctorSchedule/doctorScheduleDelivery/doctorScheduleDelivery.go:26.2,34.3 7 1
avengers-clinic/src/doctorSchedule/doctorScheduleDelivery/doctorScheduleDelivery.go:37.59,42.16 4 1
avengers-clinic/src/doctorSchedule/doctorScheduleDelivery/doctorScheduleDelivery.go:42.16,45.3 2 0
avengers-clinic/src/doctorSchedule/doctorScheduleDelivery/doctorScheduleDelivery.go:47.2,47.59 1 1
avengers-clinic/src/doctorSchedule/doctorScheduleDelivery/doctorScheduleDelivery.go:50.60,52.16 2 1
avengers-clinic/src/doctorSchedule/doctorScheduleDelivery/doctorScheduleDelivery.go:52.16,55.3 2 0
avengers-clinic/src/doctorSchedule/doctorScheduleDelivery/doctorScheduleDelivery.go:56.2,60.40 3 1
avengers-clinic/src/doctorSchedule/doctorScheduleDelivery/doctorScheduleDelivery.go:60.40,63.3 2 1
avengers-clinic/src/doctorSchedule/doctorScheduleDelivery/doctorScheduleDelivery.go:63.8,63.23 1 1
avengers-clinic/src/doctorSchedule/doctorScheduleDelivery/doctorScheduleDelivery.go:63.23,66.3 2 0
avengers-clinic/src/doctorSchedule/doctorScheduleDelivery/doctorScheduleDelivery.go:68.2,68.86 1 1
avengers-clinic/src/doctorSchedule/doctorScheduleDelivery/doctorScheduleDelivery.go:72.66,74.16 2 1
avengers-clinic/src/doctorSchedule/doctorScheduleDelivery/doctorScheduleDelivery.go:74.16,77.3 2 0
avengers-clinic/src/doctorSchedule/doctorScheduleDelivery/doctorScheduleDelivery.go:78.2,84.40 6 1
avengers-clinic/src/doctorSchedule/doctorScheduleDelivery/doctorScheduleDelivery.go:84.40,87.3 2 0
avengers-clinic/src/doctorSchedule/doctorScheduleDelivery/doctorScheduleDelivery.go:87.7,87.22 1 1
avengers-clinic/src/doctorSchedule/doctorScheduleDelivery/doctorScheduleDelivery.go:87.22,90.3 2 0
avengers-clinic/src/doctorSchedule/doctorScheduleDelivery/doctorScheduleDelivery.go:91.2,91.86 1 1
avengers-clinic/src/doctorSchedule/doctorScheduleDelivery/doctorScheduleDelivery.go:94.67,97.51 2 1
avengers-clinic/src/doctorSchedule/doctorScheduleDelivery/doctorScheduleDelivery.go:97.51,100.3 2 0
avengers-clinic/src/doctorSchedule/doctorScheduleDelivery/doctorScheduleDelivery.go:102.2,102.47 1 1
avengers-clinic/src/doctorSchedule/doctorScheduleDelivery/doctorScheduleDelivery.go:102.47,105.3 2 0
avengers-clinic/src/doctorSchedule/doctorScheduleDelivery/doctorScheduleDelivery.go:107.2,107.41 1 1
avengers-clinic/src/doctorSchedule/doctorScheduleDelivery/doctorScheduleDelivery.go:107.41,108.44 1 1
avengers-clinic/src/doctorSchedule/doctorScheduleDelivery/doctorScheduleDelivery.go:108.44,111.4 2 0
avengers-clinic/src/doctorSchedule/doctorScheduleDelivery/doctorScheduleDelivery.go:114.2,115.16 2 1
avengers-clinic/src/doctorSchedule/doctorScheduleDelivery/doctorScheduleDelivery.go:115.16,118.3 2 0
avengers-clinic/src/doctorSchedule/doctorScheduleDelivery/doctorScheduleDelivery.go:120.2,120.86 1 1
avengers-clinic/src/doctorSchedule/doctorScheduleDelivery/doctorScheduleDelivery.go:123.67,127.16 3 1
avengers-clinic/src/doctorSchedule/doctorScheduleDelivery/doctorScheduleDelivery.go:127.16,130.3 2 0
avengers-clinic/src/doctorSchedule/doctorScheduleDelivery/doctorScheduleDelivery.go:132.2,132.51 1 1
avengers-clinic/src/doctorSchedule/doctorScheduleDelivery/doctorScheduleDelivery.go:132.51,135.3 2 0
avengers-clinic/src/doctorSchedule/doctorScheduleDelivery/doctorScheduleDelivery.go:137.2,137.47 1 1
avengers-clinic/src/doctorSchedule/doctorScheduleDelivery/doctorScheduleDelivery.go:137.47,140.3 2 0
avengers-clinic/src/doctorSchedule/doctorScheduleDelivery/doctorScheduleDelivery.go:142.2,143.91 2 1
avengers-clinic/src/doctorSchedule/doctorScheduleDelivery/doctorScheduleDelivery.go:143.91,146.3 2 0
avengers-clinic/src/doctorSchedule/doctorScheduleDelivery/doctorScheduleDelivery.go:146.7,146.22 1 1
avengers-clinic/src/doctorSchedule/doctorScheduleDelivery/doctorScheduleDelivery.go:146.22,149.3 2 0
avengers-clinic/src/doctorSchedule/doctorScheduleDelivery/doctorScheduleDelivery.go:151.2,151.86 1 1
avengers-clinic/src/doctorSchedule/doctorScheduleDelivery/doctorScheduleDelivery.go:154.67,156.16 2 1
avengers-clinic/src/doctorSchedule/doctorScheduleDelivery/doctorScheduleDelivery.go:156.16,159.3 2 0
avengers-clinic/src/doctorSchedule/doctorScheduleDelivery/doctorScheduleDelivery.go:161.2,162.40 2 1
avengers-clinic/src/doctorSchedule/doctorScheduleDelivery/doctorScheduleDelivery.go:162.40,165.3 2 0
avengers-clinic/src/doctorSchedule/doctorScheduleDelivery/doctorScheduleDelivery.go:165.7,165.22 1 1
avengers-clinic/src/doctorSchedule/doctorScheduleDelivery/doctorScheduleDelivery.go:165.22,168.3 2 0
avengers-clinic/src/doctorSchedule/doctorScheduleDelivery/doctorScheduleDelivery.go:169.2,169.85 1 1
avengers-clinic/src/doctorSchedule/doctorScheduleDelivery/doctorScheduleDelivery.go:173.68,175.16 2 1
avengers-clinic/src/doctorSchedule/doctorScheduleDelivery/doctorScheduleDelivery.go:175.16,178.3 2 0
avengers-clinic/src/doctorSchedule/doctorScheduleDelivery/doctorScheduleDelivery.go:180.2,181.40 2 1
avengers-clinic/src/doctorSchedule/doctorScheduleDelivery/doctorScheduleDelivery.go:181.40,184.3 2 0
avengers-clinic/src/doctorSchedule/doctorScheduleDelivery/doctorScheduleDelivery.go:184.7,184.22 1 1
avengers-clinic/src/doctorSchedule/doctorScheduleDelivery/doctorScheduleDelivery.go:184.22,187.3 2 0
avengers-clinic/src/doctorSchedule/doctorScheduleDelivery/doctorScheduleDelivery.go:188.2,188.86 1 1
avengers-clinic/src/medicalRecord/medicalRecordDelivery/medicalRecordDelivery.go:18.109,24.2 3 1
avengers-clinic/src/medicalRecord/medicalRecordDelivery/medicalRecordDelivery.go:24.2,29.3 4 1
avengers-clinic/src/medicalRecord/medicalRecordDelivery/medicalRecordDelivery.go:32.72,36.48 3 1
avengers-clinic/src/medicalRecord/medicalRecordDelivery/medicalRecordDelivery.go:36.48,39.3 2 0
avengers-clinic/src/medicalRecord/medicalRecordDelivery/medicalRecordDelivery.go:41.2,41.47 1 1
avengers-clinic/src/medicalRecord/medicalRecordDelivery/medicalRecordDelivery.go:41.47,44.3 2 1
avengers-clinic/src/medicalRecord/medicalRecordDelivery/medicalRecordDelivery.go:46.2,47.16 2 1
avengers-clinic/src/medicalRecord/medicalRecordDelivery/medicalRecordDelivery.go:47.16,48.51 1 1
avengers-clinic/src/medicalRecord/medicalRecordDelivery/medicalRecordDelivery.go:48.51,51.4 2 1
avengers-clinic/src/medicalRecord/medicalRecordDelivery/medicalRecordDelivery.go:53.3,53.59 1 1
avengers-clinic/src/medicalRecord/medicalRecordDelivery/medicalRecordDelivery.go:53.59,56.4 2 1
avengers-clinic/src/medicalRecord/medicalRecordDelivery/medicalRecordDelivery.go:58.3,59.9 2 1
avengers-clinic/src/medicalRecord/medicalRecordDelivery/medicalRecordDelivery.go:62.2,62.99 1 1
avengers-clinic/src/medicalRecord/medicalRecordDelivery/medicalRecordDelivery.go:65.70,70.16 4 1
avengers-clinic/src/medicalRecord/medicalRecordDelivery/medicalRecordDelivery.go:70.16,73.3 2 0
avengers-clinic/src/medicalRecord/medicalRecordDelivery/medicalRecordDelivery.go:75.2,75.90 1 1
avengers-clinic/src/medicalRecord/medicalRecordDelivery/medicalRecordDelivery.go:78.73,85.16 5 1
avengers-clinic/src/medicalRecord/medicalRecordDelivery/medicalRecordDelivery.go:85.16,88.3 2 1
avengers-clinic/src/medicalRecord/medicalRecordDelivery/medicalRecordDelivery.go:90.2,90.89 1 1
avengers-clinic/src/medicalRecord/medicalRecordDelivery/medicalRecordDelivery.go:93.72,100.16 5 1
avengers-clinic/src/medicalRecord/medicalRecordDelivery/medicalRecordDelivery.go:100.16,101.53 1 1
avengers-clinic/src/medicalRecord/medicalRecordDelivery/medicalRecordDelivery.go:101.53,104.4 2 1
avengers-clinic/src/medicalRecord/medicalRecordDelivery/medicalRecordDelivery.go:106.3,106.51 1 1
avengers-clinic/src/medicalRecord/medicalRecordDelivery/medicalRecordDelivery.go:106.51,109.4 2 1
avengers-clinic/src/medicalRecord/medicalRecordDelivery/medicalRecordDelivery.go:111.3,111.59 1 1
avengers-clinic/src/medicalRecord/medicalRecordDelivery/medicalRecordDelivery.go:111.59,114.4 2 1
avengers-clinic/src/medicalRecord/medicalRecordDelivery/medicalRecordDelivery.go:115.3,116.9 2 1
avengers-clinic/src/medicalRecord/medicalRecordDelivery/medicalRecordDelivery.go:119.2,119.88 1 1
avengers-clinic/src/doctorSchedule/doctorScheduleRepository/doctorScheduleRepository.go:20.80,24.2 1 1
avengers-clinic/src/doctorSchedule/doctorScheduleRepository/doctorScheduleRepository.go:26.108,39.16 3 1
avengers-clinic/src/doctorSchedule/doctorScheduleRepository/doctorScheduleRepository.go:39.16,41.3 1 1
avengers-clinic/src/doctorSchedule/doctorScheduleRepository/doctorScheduleRepository.go:42.2,42.34 1 1
avengers-clinic/src/doctorSchedule/doctorScheduleRepository/doctorScheduleRepository.go:45.148,60.25 4 1
avengers-clinic/src/doctorSchedule/doctorScheduleRepository/doctorScheduleRepository.go:60.25,65.3 2 0
avengers-clinic/src/doctorSchedule/doctorScheduleRepository/doctorScheduleRepository.go:65.8,67.3 1 1
avengers-clinic/src/doctorSchedule/doctorScheduleRepository/doctorScheduleRepository.go:69.2,69.16 1 1
avengers-clinic/src/doctorSchedule/doctorScheduleRepository/doctorScheduleRepository.go:69.16,71.3 1 0
avengers-clinic/src/doctorSchedule/doctorScheduleRepository/doctorScheduleRepository.go:73.2,73.34 1 1
avengers-clinic/src/doctorSchedule/doctorScheduleRepository/doctorScheduleRepository.go:76.94,94.16 4 1
avengers-clinic/src/doctorSchedule/doctorScheduleRepository/doctorScheduleRepository.go:94.16,96.3 1 0
avengers-clinic/src/doctorSchedule/doctorScheduleRepository/doctorScheduleRepository.go:98.2,100.22 2 1
avengers-clinic/src/doctorSchedule/doctorScheduleRepository/doctorScheduleRepository.go:104.103,114.41 6 1
avengers-clinic/src/doctorSchedule/doctorScheduleRepository/doctorScheduleRepository.go:114.41,119.3 4 1
avengers-clinic/src/doctorSchedule/doctorScheduleRepository/doctorScheduleRepository.go:121.2,125.16 3 1
avengers-clinic/src/doctorSchedule/doctorScheduleRepository/doctorScheduleRepository.go:125.16,128.3 2 0
avengers-clinic/src/doctorSchedule/doctorScheduleRepository/doctorScheduleRepository.go:130.2,131.18 2 1
avengers-clinic/src/doctorSchedule/doctorScheduleRepository/doctorScheduleRepository.go:131.18,134.17 3 1
avengers-clinic/src/doctorSchedule/doctorScheduleRepository/doctorScheduleRepository.go:134.17,136.4 1 0
avengers-clinic/src/doctorSchedule/doctorScheduleRepository/doctorScheduleRepository.go:137.3,137.24 1 1
avengers-clinic/src/doctorSchedule/doctorScheduleRepository/doctorScheduleRepository.go:139.2,141.17 2 1
avengers-clinic/src/doctorSchedule/doctorScheduleRepository/doctorScheduleRepository.go:144.94,149.24 3 1
avengers-clinic/src/doctorSchedule/doctorScheduleRepository/doctorScheduleRepository.go:149.24,152.3 2 1
avengers-clinic/src/doctorSchedule/doctorScheduleRepository/doctorScheduleRepository.go:154.2,158.16 3 1
avengers-clinic/src/doctorSchedule/doctorScheduleRepository/doctorScheduleRepository.go:158.16,160.3 1 0
avengers-clinic/src/doctorSchedule/doctorScheduleRepository/doctorScheduleRepository.go:162.2,162.34 1 1
avengers-clinic/src/doctorSchedule/doctorScheduleRepository/doctorScheduleRepository.go:165.99,170.16 3 1
avengers-clinic/src/doctorSchedule/doctorScheduleRepository/doctorScheduleRepository.go:170.16,172.3 1 0
avengers-clinic/src/doctorSchedule/doctorScheduleRepository/doctorScheduleRepository.go:174.2,174.12 1 1
avengers-clinic/src/doctorSchedule/doctorScheduleRepository/doctorScheduleRepository.go:177.71,180.16 3 1
avengers-clinic/src/doctorSchedule/doctorScheduleRepository/doctorScheduleRepository.go:180.16,182.3 1 0
avengers-clinic/src/doctorSchedule/doctorScheduleRepository/doctorScheduleRepository.go:184.2,184.12 1 1
avengers-clinic/src/doctorSchedule/doctorScheduleRepository/doctorScheduleRepository.go:187.64,190.16 3 1
avengers-clinic/src/doctorSchedule/doctorScheduleRepository/doctorScheduleRepository.go:190.16,192.3 1 0
avengers-clinic/src/doctorSchedule/doctorScheduleRepository/doctorScheduleRepository.go:194.2,194.12 1 1
avengers-clinic/src/doctorSchedule/doctorScheduleRepository/doctorScheduleRepository.go:197.99,203.16 5 1
avengers-clinic/src/doctorSchedule/doctorScheduleRepository/doctorScheduleRepository.go:203.16,205.3 1 0
avengers-clinic/src/doctorSchedule/doctorScheduleRepository/doctorScheduleRepository.go:207.2,207.12 1 1
avengers-clinic/src/doctorSchedule/doctorScheduleRepository/doctorScheduleRepository.go:210.75,213.18 3 1
avengers-clinic/src/doctorSchedule/doctorScheduleRepository/doctorScheduleRepository.go:213.18,224.17 3 1
avengers-clinic/src/doctorSchedule/doctorScheduleRepository/doctorScheduleRepository.go:224.17,226.4 1 0
avengers-clinic/src/doctorSchedule/doctorScheduleRepository/doctorScheduleRepository.go:227.3,227.28 1 1
avengers-clinic/src/doctorSchedule/doctorScheduleRepository/doctorScheduleRepository.go:230.2,230.19 1 1
avengers-clinic/src/medicalRecord/medicalRecordRepository/medicalRecordRepository.go:16.83,18.2 1 1
avengers-clinic/src/medicalRecord/medicalRecordRepository/medicalRecordRepository.go:20.139,25.16 4 1
avengers-clinic/src/medicalRecord/medicalRecordRepository/medicalRecordRepository.go:25.16,28.3 2 0
avengers-clinic/src/medicalRecord/medicalRecordRepository/medicalRecordRepository.go:31.2,32.251 2 1
avengers-clinic/src/medicalRecord/medicalRecordRepository/medicalRecordRepository.go:32.251,35.3 2 0
avengers-clinic/src/medicalRecord/medicalRecordRepository/medicalRecordRepository.go:37.2,42.42 2 1
avengers-clinic/src/medicalRecord/medicalRecordRepository/medicalRecordRepository.go:42.42,51.17 6 1
avengers-clinic/src/medicalRecord/medicalRecordRepository/medicalRecordRepository.go:51.17,54.4 2 1
avengers-clinic/src/medicalRecord/medicalRecordRepository/medicalRecordRepository.go:57.3,57.41 1 1
avengers-clinic/src/medicalRecord/medicalRecordRepository/medicalRecordRepository.go:57.41,60.4 2 0
avengers-clinic/src/medicalRecord/medicalRecordRepository/medicalRecordRepository.go:63.3,63.50 1 1
avengers-clinic/src/medicalRecord/medicalRecordRepository/medicalRecordRepository.go:63.50,66.4 2 0
avengers-clinic/src/medicalRecord/medicalRecordRepository/medicalRecordRepository.go:69.3,70.147 2 1
avengers-clinic/src/medicalRecord/medicalRecordRepository/medicalRecordRepository.go:70.147,73.4 2 1
avengers-clinic/src/medicalRecord/medicalRecordRepository/medicalRecordRepository.go:76.3,76.25 1 0
avengers-clinic/src/medicalRecord/medicalRecordRepository/medicalRecordRepository.go:76.25,79.18 2 0
avengers-clinic/src/medicalRecord/medicalRecordRepository/medicalRecordRepository.go:79.18,81.5 1 0
avengers-clinic/src/medicalRecord/medicalRecordRepository/medicalRecordRepository.go:84.3,86.90 3 0
avengers-clinic/src/medicalRecord/medicalRecordRepository/medicalRecordRepository.go:89.2,92.40 2 0
avengers-clinic/src/medicalRecord/medicalRecordRepository/medicalRecordRepository.go:92.40,98.151 4 0
avengers-clinic/src/medicalRecord/medicalRecordRepository/medicalRecordRepository.go:98.151,101.4 2 0
avengers-clinic/src/medicalRecord/medicalRecordRepository/medicalRecordRepository.go:103.3,105.126 2 0
avengers-clinic/src/medicalRecord/medicalRecordRepository/medicalRecordRepository.go:105.126,108.4 2 0
avengers-clinic/src/medicalRecord/medicalRecordRepository/medicalRecordRepository.go:110.3,111.84 2 0
avengers-clinic/src/medicalRecord/medicalRecordRepository/medicalRecordRepository.go:114.2,117.16 4 0
avengers-clinic/src/medicalRecord/medicalRecordRepository/medicalRecordRepository.go:117.16,120.3 2 0
avengers-clinic/src/medicalRecord/medicalRecordRepository/medicalRecordRepository.go:122.2,122.36 1 0
avengers-clinic/src/medicalRecord/medicalRecordRepository/medicalRecordRepository.go:122.36,124.3 1 0
avengers-clinic/src/medicalRecord/medicalRecordRepository/medicalRecordRepository.go:127.2,127.27 1 0
avengers-clinic/src/medicalRecord/medicalRecordRepository/medicalRecordRepository.go:130.104,133.16 3 1
avengers-clinic/src/medicalRecord/medicalRecordRepository/medicalRecordRepository.go:133.16,135.3 1 0
avengers-clinic/src/medicalRecord/medicalRecordRepository/medicalRecordRepository.go:137.2,137.15 1 1
avengers-clinic/src/medicalRecord/medicalRecordRepository/medicalRecordRepository.go:137.15,138.17 1 1
avengers-clinic/src/medicalRecord/medicalRecordRepository/medicalRecordRepository.go:138.17,140.4 1 1
avengers-clinic/src/medicalRecord/medicalRecordRepository/medicalRecordRepository.go:144.2,146.16 3 1
avengers-clinic/src/medicalRecord/medicalRecordRepository/medicalRecordRepository.go:146.16,148.3 1 1
avengers-clinic/src/medicalRecord/medicalRecordRepository/medicalRecordRepository.go:149.2,152.17 2 1
avengers-clinic/src/medicalRecord/medicalRecordRepository/medicalRecordRepository.go:152.17,154.96 2 1
avengers-clinic/src/medicalRecord/medicalRecordRepository/medicalRecordRepository.go:154.96,156.4 1 0
avengers-clinic/src/medicalRecord/medicalRecordRepository/medicalRecordRepository.go:159.3,159.24 1 1
avengers-clinic/src/medicalRecord/medicalRecordRepository/medicalRecordRepository.go:163.2,163.21 1 1
avengers-clinic/src/medicalRecord/medicalRecordRepository/medicalRecordRepository.go:163.21,165.86 1 1
avengers-clinic/src/medicalRecord/medicalRecordRepository/medicalRecordRepository.go:165.86,167.4 1 0
avengers-clinic/src/medicalRecord/medicalRecordRepository/medicalRecordRepository.go:170.3,170.82 1 1
avengers-clinic/src/medicalRecord/medicalRecordRepository/medicalRecordRepository.go:170.82,172.4 1 0
avengers-clinic/src/medicalRecord/medicalRecordRepository/medicalRecordRepository.go:175.2,175.35 1 1
avengers-clinic/src/medicalRecord/medicalRecordRepository/medicalRecordRepository.go:175.35,177.3 1 0
avengers-clinic/src/medicalRecord/medicalRecordRepository/medicalRecordRepository.go:180.2,180.18 1 1
avengers-clinic/src/medicalRecord/medicalRecordRepository/medicalRecordRepository.go:180.18,182.3 1 1
avengers-clinic/src/medicalRecord/medicalRecordRepository/medicalRecordRepository.go:185.2,185.74 1 0
avengers-clinic/src/medicalRecord/medicalRecordRepository/medicalRecordRepository.go:188.114,191.16 3 1
avengers-clinic/src/medicalRecord/medicalRecordRepository/medicalRecordRepository.go:191.16,193.3 1 0
avengers-clinic/src/medicalRecord/medicalRecordRepository/medicalRecordRepository.go:195.2,195.15 1 1
avengers-clinic/src/medicalRecord/medicalRecordRepository/medicalRecordRepository.go:195.15,196.17 1 1
avengers-clinic/src/medicalRecord/medicalRecordRepository/medicalRecordRepository.go:196.17,198.4 1 0
avengers-clinic/src/medicalRecord/medicalRecordRepository/medicalRecordRepository.go:202.2,204.16 3 1
avengers-clinic/src/medicalRecord/medicalRecordRepository/medicalRecordRepository.go:204.16,206.3 1 0
avengers-clinic/src/medicalRecord/medicalRecordRepository/medicalRecordRepository.go:209.2,209.77 1 1
avengers-clinic/src/medicalRecord/medicalRecordRepository/medicalRecordRepository.go:209.77,211.3 1 0
avengers-clinic/src/medicalRecord/medicalRecordRepository/medicalRecordRepository.go:214.2,214.73 1 1
avengers-clinic/src/medicalRecord/medicalRecordRepository/medicalRecordRepository.go:214.73,216.3 1 0
avengers-clinic/src/medicalRecord/medicalRecordRepository/medicalRecordRepository.go:221.2,221.35 1 1
avengers-clinic/src/medicalRecord/medicalRecordRepository/medicalRecordRepository.go:221.35,223.3 1 0
avengers-clinic/src/medicalRecord/medicalRecordRepository/medicalRecordRepository.go:224.2,224.16 1 1
avengers-clinic/src/medicalRecord/medicalRecordRepository/medicalRecordRepository.go:227.140,233.16 5 1
avengers-clinic/src/medicalRecord/medicalRecordRepository/medicalRecordRepository.go:233.16,235.3 1 0
avengers-clinic/src/medicalRecord/medicalRecordRepository/medicalRecordRepository.go:236.2,238.18 2 1
avengers-clinic/src/medicalRecord/medicalRecordRepository/medicalRecordRepository.go:238.18,240.90 2 0
avengers-clinic/src/medicalRecord/medicalRecordRepository/medicalRecordRepository.go:240.90,242.4 1 0
avengers-clinic/src/medicalRecord/medicalRecordRepository/medicalRecordRepository.go:244.3,244.48 1 0
avengers-clinic/src/medicalRecord/medicalRecordRepository/medicalRecordRepository.go:247.2,247.33 1 1
avengers-clinic/src/medicalRecord/medicalRecordRepository/medicalRecordRepository.go:247.33,250.17 3 0
avengers-clinic/src/medicalRecord/medicalRecordRepository/medicalRecordRepository.go:250.17,253.4 1 0
avengers-clinic/src/medicalRecord/medicalRecordRepository/medicalRecordRepository.go:256.2,256.29 1 1
avengers-clinic/src/medicalRecord/medicalRecordRepository/medicalRecordRepository.go:259.136,265.16 5 1
avengers-clinic/src/medicalRecord/medicalRecordRepository/medicalRecordRepository.go:265.16,267.3 1 0
avengers-clinic/src/medicalRecord/medicalRecordRepository/medicalRecordRepository.go:268.2,270.18 2 1
avengers-clinic/src/medicalRecord/medicalRecordRepository/medicalRecordRepository.go:270.18,272.74 2 0
avengers-clinic/src/medicalRecord/medicalRecordRepository/medicalRecordRepository.go:272.74,274.4 1 0
avengers-clinic/src/medicalRecord/medicalRecordRepository/medicalRecordRepository.go:276.3,276.44 1 0
avengers-clinic/src/medicalRecord/medicalRecordRepository/medicalRecordRepository.go:279.2,279.31 1 1
avengers-clinic/src/medicalRecord/medicalRecordRepository/medicalRecordRepository.go:279.31,282.17 3 0
avengers-clinic/src/medicalRecord/medicalRecordRepository/medicalRecordRepository.go:282.17,284.4 1 0
avengers-clinic/src/medicalRecord/medicalRecordRepository/medicalRecordRepository.go:287.2,287.27 1 1
avengers-clinic/src/medicalRecord/medicalRecordRepository/medicalRecordRepository.go:290.108,294.16 4 1
avengers-clinic/src/medicalRecord/medicalRecordRepository/medicalRecordRepository.go:294.16,296.3 1 0
avengers-clinic/src/medicalRecord/medicalRecordRepository/medicalRecordRepository.go:299.2,301.16 3 1
avengers-clinic/src/medicalRecord/medicalRecordRepository/medicalRecordRepository.go:301.16,304.3 2 0
avengers-clinic/src/medicalRecord/medicalRecordRepository/medicalRecordRepository.go:306.2,306.34 1 1
avengers-clinic/src/medicalRecord/medicalRecordRepository/medicalRecordRepository.go:306.34,309.3 2 0
avengers-clinic/src/medicalRecord/medicalRecordRepository/medicalRecordRepository.go:311.2,313.16 3 1
avengers-clinic/src/medicalRecord/medicalRecordRepository/medicalRecordRepository.go:313.16,316.3 2 1
avengers-clinic/src/medicalRecord/medicalRecordRepository/medicalRecordRepository.go:319.2,320.16 2 0
avengers-clinic/src/medicalRecord/medicalRecordRepository/medicalRecordRepository.go:320.16,323.3 2 0
avengers-clinic/src/medicalRecord/medicalRecordRepository/medicalRecordRepository.go:325.2,325.21 1 0
avengers-clinic/src/medicalRecord/medicalRecordRepository/medicalRecordRepository.go:325.21,327.17 2 0
avengers-clinic/src/medicalRecord/medicalRecordRepository/medicalRecordRepository.go:327.17,330.4 2 0
avengers-clinic/src/medicalRecord/medicalRecordRepository/medicalRecordRepository.go:332.3,332.38 1 0
avengers-clinic/src/medicalRecord/medicalRecordRepository/medicalRecordRepository.go:336.2,341.16 4 0
avengers-clinic/src/medicalRecord/medicalRecordRepository/medicalRecordRepository.go:341.16,344.3 2 0
avengers-clinic/src/medicalRecord/medicalRecordRepository/medicalRecordRepository.go:346.2,346.35 1 0
avengers-clinic/src/medicalRecord/medicalRecordRepository/medicalRecordRepository.go:346.35,348.3 1 0
avengers-clinic/src/medicalRecord/medicalRecordRepository/medicalRecordRepository.go:351.2,353.27 2 0
avengers-clinic/src/medicalRecord/medicalRecordRepository/medicalRecordRepository.go:357.121,360.16 1 0
avengers-clinic/src/medicalRecord/medicalRecordRepository/medicalRecordRepository.go:360.16,363.3 2 0
avengers-clinic/src/medicalRecord/medicalRecordRepository/medicalRecordRepository.go:366.2,366.22 1 0
avengers-clinic/src/medicalRecord/medicalRecordRepository/medicalRecordRepository.go:366.22,369.3 2 0
avengers-clinic/src/medicalRecord/medicalRecordRepository/medicalRecordRepository.go:371.2,376.16 4 0
avengers-clinic/src/medicalRecord/medicalRecordRepository/medicalRecordRepository.go:376.16,379.3 2 0
avengers-clinic/src/medicalRecord/medicalRecordRepository/medicalRecordRepository.go:381.2,381.19 1 0
avengers-clinic/src/medicalRecord/medicalRecordUsecase/medicalRecordUsecase.go:13.122,15.2 1 1
avengers-clinic/src/medicalRecord/medicalRecordUsecase/medicalRecordUsecase.go:17.139,35.26 1 1
avengers-clinic/src/medicalRecord/medicalRecordUsecase/medicalRecordUsecase.go:35.26,37.3 1 0
avengers-clinic/src/medicalRecord/medicalRecordUsecase/medicalRecordUsecase.go:39.2,39.26 1 1
avengers-clinic/src/medicalRecord/medicalRecordUsecase/medicalRecordUsecase.go:39.26,41.3 1 0
avengers-clinic/src/medicalRecord/medicalRecordUsecase/medicalRecordUsecase.go:43.2,44.16 2 1
avengers-clinic/src/medicalRecord/medicalRecordUsecase/medicalRecordUsecase.go:44.16,46.3 1 1
avengers-clinic/src/medicalRecord/medicalRecordUsecase/medicalRecordUsecase.go:48.2,48.27 1 1
avengers-clinic/src/medicalRecord/medicalRecordUsecase/medicalRecordUsecase.go:51.96,56.16 4 1
avengers-clinic/src/medicalRecord/medicalRecordUsecase/medicalRecordUsecase.go:56.16,58.3 1 1
avengers-clinic/src/medicalRecord/medicalRecordUsecase/medicalRecordUsecase.go:60.2,60.28 1 1
avengers-clinic/src/medicalRecord/medicalRecordUsecase/medicalRecordUsecase.go:63.106,67.89 3 1
avengers-clinic/src/medicalRecord/medicalRecordUsecase/medicalRecordUsecase.go:67.89,69.3 1 1
avengers-clinic/src/medicalRecord/medicalRecordUsecase/medicalRecordUsecase.go:71.2,71.27 1 1
avengers-clinic/src/medicalRecord/medicalRecordUsecase/medicalRecordUsecase.go:74.105,78.83 3 1
avengers-clinic/src/medicalRecord/medicalRecordUsecase/medicalRecordUsecase.go:78.83,80.3 1 1
avengers-clinic/src/medicalRecord/medicalRecordUsecase/medicalRecordUsecase.go:82.2,82.27 1 1
avengers-clinic/src/medicine/medicineRepository/medicineRepository.go:13.68,15.2 1 1
avengers-clinic/src/medicine/medicineRepository/medicineRepository.go:17.97,25.2 5 1
avengers-clinic/src/medicine/medicineRepository/medicineRepository.go:27.97,32.2 4 1
avengers-clinic/src/medicine/medicineRepository/medicineRepository.go:34.72,38.2 3 1
avengers-clinic/src/medicine/medicineRepository/medicineRepository.go:40.55,44.2 3 1
avengers-clinic/src/medicine/medicineRepository/medicineRepository.go:46.76,49.16 3 1
avengers-clinic/src/medicine/medicineRepository/medicineRepository.go:49.16,51.3 1 1
avengers-clinic/src/medicine/medicineRepository/medicineRepository.go:52.2,54.22 3 1
avengers-clinic/src/medicine/medicineRepository/medicineRepository.go:57.84,64.2 5 1
avengers-clinic/src/medicine/medicineRepository/medicineRepository.go:66.70,69.16 3 1
avengers-clinic/src/medicine/medicineRepository/medicineRepository.go:69.16,71.3 1 1
avengers-clinic/src/medicine/medicineRepository/medicineRepository.go:72.2,74.22 3 1
avengers-clinic/src/medicine/medicineRepository/medicineRepository.go:77.59,80.18 3 1
avengers-clinic/src/medicine/medicineRepository/medicineRepository.go:80.18,83.17 3 1
avengers-clinic/src/medicine/medicineRepository/medicineRepository.go:83.17,86.4 1 0
avengers-clinic/src/medicine/medicineRepository/medicineRepository.go:87.3,87.30 1 1
avengers-clinic/src/medicine/medicineRepository/medicineRepository.go:89.2,89.17 1 1
avengers-clinic/src/medicine/medicineUsecase/medicineUsecase.go:13.92,15.2 1 1
avengers-clinic/src/medicine/medicineUsecase/medicineUsecase.go:17.63,20.2 2 1
avengers-clinic/src/medicine/medicineUsecase/medicineUsecase.go:22.71,25.2 2 1
avengers-clinic/src/medicine/medicineUsecase/medicineUsecase.go:27.95,35.2 7 1
avengers-clinic/src/medicine/medicineUsecase/medicineUsecase.go:37.92,39.16 2 1
avengers-clinic/src/medicine/medicineUsecase/medicineUsecase.go:39.16,41.3 1 1
avengers-clinic/src/medicine/medicineUsecase/medicineUsecase.go:43.2,43.24 1 1
avengers-clinic/src/medicine/medicineUsecase/medicineUsecase.go:43.24,45.3 1 0
avengers-clinic/src/medicine/medicineUsecase/medicineUsecase.go:47.2,47.32 1 1
avengers-clinic/src/medicine/medicineUsecase/medicineUsecase.go:47.32,49.3 1 1
avengers-clinic/src/medicine/medicineUsecase/medicineUsecase.go:51.2,51.24 1 1
avengers-clinic/src/medicine/medicineUsecase/medicineUsecase.go:51.24,53.3 1 1
avengers-clinic/src/medicine/medicineUsecase/medicineUsecase.go:55.2,55.24 1 1
avengers-clinic/src/medicine/medicineUsecase/medicineUsecase.go:55.24,57.3 1 1
avengers-clinic/src/medicine/medicineUsecase/medicineUsecase.go:59.2,59.32 1 1
avengers-clinic/src/medicine/medicineUsecase/medicineUsecase.go:59.32,61.3 1 1
avengers-clinic/src/medicine/medicineUsecase/medicineUsecase.go:62.2,67.17 5 1
avengers-clinic/src/medicine/medicineUsecase/medicineUsecase.go:70.52,72.16 2 1
avengers-clinic/src/medicine/medicineUsecase/medicineUsecase.go:72.16,74.3 1 1
avengers-clinic/src/medicine/medicineUsecase/medicineUsecase.go:76.2,78.12 3 1
avengers-clinic/src/medicine/medicineUsecase/medicineUsecase.go:81.68,84.2 2 1
avengers-clinic/src/medicine/medicineUsecase/medicineUsecase.go:86.53,89.2 2 1
avengers-clinic/src/user/userRepository/userRepository.go:13.56,15.2 1 1
avengers-clinic/src/user/userRepository/userRepository.go:17.73,23.16 3 1
avengers-clinic/src/user/userRepository/userRepository.go:23.16,25.3 1 1
avengers-clinic/src/user/userRepository/userRepository.go:26.2,28.21 3 1
avengers-clinic/src/user/userRepository/userRepository.go:31.68,37.16 3 1
avengers-clinic/src/user/userRepository/userRepository.go:37.16,39.3 1 1
avengers-clinic/src/user/userRepository/userRepository.go:40.2,42.21 3 1
avengers-clinic/src/user/userRepository/userRepository.go:45.84,52.2 3 1
avengers-clinic/src/user/userRepository/userRepository.go:54.85,61.2 3 1
avengers-clinic/src/user/userRepository/userRepository.go:63.80,70.2 3 1
avengers-clinic/src/user/userRepository/userRepository.go:72.88,79.2 3 1
avengers-clinic/src/user/userRepository/userRepository.go:81.77,96.2 3 1
avengers-clinic/src/user/userRepository/userRepository.go:98.67,111.2 3 1
avengers-clinic/src/user/userRepository/userRepository.go:113.85,117.2 3 1
avengers-clinic/src/user/userRepository/userRepository.go:119.63,123.2 3 1
avengers-clinic/src/user/userRepository/userRepository.go:125.67,129.2 3 1
avengers-clinic/src/user/userRepository/userRepository.go:131.64,135.2 3 1
avengers-clinic/src/user/userRepository/userRepository.go:137.74,141.2 3 1
avengers-clinic/src/user/userRepository/userRepository.go:143.51,156.2 3 1
avengers-clinic/src/user/userRepository/userRepository.go:158.56,160.18 2 1
avengers-clinic/src/user/userRepository/userRepository.go:160.18,172.17 3 1
avengers-clinic/src/user/userRepository/userRepository.go:172.17,174.4 1 0
avengers-clinic/src/user/userRepository/userRepository.go:175.3,175.30 1 1
avengers-clinic/src/user/userRepository/userRepository.go:177.2,177.19 1 1
avengers-clinic/src/user/userDelivery/userDelivery.go:19.73,23.2 3 1
avengers-clinic/src/user/userDelivery/userDelivery.go:23.2,35.3 11 1
avengers-clinic/src/user/userDelivery/userDelivery.go:38.59,40.16 2 1
avengers-clinic/src/user/userDelivery/userDelivery.go:40.16,43.3 2 1
avengers-clinic/src/user/userDelivery/userDelivery.go:45.2,45.21 1 1
avengers-clinic/src/user/userDelivery/userDelivery.go:45.21,48.3 2 1
avengers-clinic/src/user/userDelivery/userDelivery.go:50.2,50.96 1 1
avengers-clinic/src/user/userDelivery/userDelivery.go:53.54,55.16 2 1
avengers-clinic/src/user/userDelivery/userDelivery.go:55.16,58.3 2 1
avengers-clinic/src/user/userDelivery/userDelivery.go:60.2,60.21 1 1
avengers-clinic/src/user/userDelivery/userDelivery.go:60.21,63.3 2 1
avengers-clinic/src/user/userDelivery/userDelivery.go:65.2,65.96 1 1
avengers-clinic/src/user/userDelivery/userDelivery.go:68.55,71.16 3 1
avengers-clinic/src/user/userDelivery/userDelivery.go:71.16,72.27 1 1
avengers-clinic/src/user/userDelivery/userDelivery.go:72.27,75.4 2 1
avengers-clinic/src/user/userDelivery/userDelivery.go:77.3,78.9 2 1
avengers-clinic/src/user/userDelivery/userDelivery.go:81.2,81.94 1 1
avengers-clinic/src/user/userDelivery/userDelivery.go:84.63,86.51 2 1
avengers-clinic/src/user/userDelivery/userDelivery.go:86.51,89.3 2 1
avengers-clinic/src/user/userDelivery/userDelivery.go:91.2,91.49 1 1
avengers-clinic/src/user/userDelivery/userDelivery.go:91.49,94.3 2 1
avengers-clinic/src/user/userDelivery/userDelivery.go:96.2,97.16 2 1
avengers-clinic/src/user/userDelivery/userDelivery.go:97.16,98.25 1 1
avengers-clinic/src/user/userDelivery/userDelivery.go:98.25,101.4 2 1
avengers-clinic/src/user/userDelivery/userDelivery.go:103.3,104.9 2 1
avengers-clinic/src/user/userDelivery/userDelivery.go:107.2,107.96 1 1
avengers-clinic/src/user/userDelivery/userDelivery.go:110.60,112.51 2 1
avengers-clinic/src/user/userDelivery/userDelivery.go:112.51,115.3 2 1
avengers-clinic/src/user/userDelivery/userDelivery.go:117.2,117.49 1 1
avengers-clinic/src/user/userDelivery/userDelivery.go:117.49,120.3 2 1
avengers-clinic/src/user/userDelivery/userDelivery.go:122.2,123.16 2 1
avengers-clinic/src/user/userDelivery/userDelivery.go:123.16,124.25 1 1
avengers-clinic/src/user/userDelivery/userDelivery.go:124.25,127.4 2 1
avengers-clinic/src/user/userDelivery/userDelivery.go:129.3,129.25 1 1
avengers-clinic/src/user/userDelivery/userDelivery.go:129.25,132.4 2 1
avengers-clinic/src/user/userDelivery/userDelivery.go:134.3,135.9 2 1
avengers-clinic/src/user/userDelivery/userDelivery.go:138.2,138.93 1 1
avengers-clinic/src/user/userDelivery/userDelivery.go:141.53,143.51 2 1
avengers-clinic/src/user/userDelivery/userDelivery.go:143.51,146.3 2 1
avengers-clinic/src/user/userDelivery/userDelivery.go:148.2,148.49 1 1
avengers-clinic/src/user/userDelivery/userDelivery.go:148.49,151.3 2 1
avengers-clinic/src/user/userDelivery/userDelivery.go:153.2,154.16 2 1
avengers-clinic/src/user/userDelivery/userDelivery.go:154.16,155.25 1 1
avengers-clinic/src/user/userDelivery/userDelivery.go:155.25,158.4 2 1
avengers-clinic/src/user/userDelivery/userDelivery.go:160.3,161.9 2 1
avengers-clinic/src/user/userDelivery/userDelivery.go:164.2,164.89 1 1
avengers-clinic/src/user/userDelivery/userDelivery.go:167.54,169.51 2 1
avengers-clinic/src/user/userDelivery/userDelivery.go:169.51,172.3 2 1
avengers-clinic/src/user/userDelivery/userDelivery.go:173.2,176.16 3 1
avengers-clinic/src/user/userDelivery/userDelivery.go:176.16,177.27 1 1
avengers-clinic/src/user/userDelivery/userDelivery.go:177.27,180.4 2 1
avengers-clinic/src/user/userDelivery/userDelivery.go:182.3,182.25 1 1
avengers-clinic/src/user/userDelivery/userDelivery.go:182.25,185.4 2 1
avengers-clinic/src/user/userDelivery/userDelivery.go:187.3,188.9 2 1
avengers-clinic/src/user/userDelivery/userDelivery.go:191.2,191.96 1 1
avengers-clinic/src/user/userDelivery/userDelivery.go:194.62,196.51 2 1
avengers-clinic/src/user/userDelivery/userDelivery.go:196.51,199.3 2 1
avengers-clinic/src/user/userDelivery/userDelivery.go:201.2,201.49 1 1
avengers-clinic/src/user/userDelivery/userDelivery.go:201.49,204.3 2 1
avengers-clinic/src/user/userDelivery/userDelivery.go:205.2,208.16 3 1
avengers-clinic/src/user/userDelivery/userDelivery.go:208.16,209.27 1 1
avengers-clinic/src/user/userDelivery/userDelivery.go:209.27,212.4 2 1
avengers-clinic/src/user/userDelivery/userDelivery.go:214.3,214.25 1 1
avengers-clinic/src/user/userDelivery/userDelivery.go:214.25,217.4 2 1
avengers-clinic/src/user/userDelivery/userDelivery.go:219.3,219.25 1 1
avengers-clinic/src/user/userDelivery/userDelivery.go:219.25,222.4 2 1
avengers-clinic/src/user/userDelivery/userDelivery.go:224.3,225.9 2 1
avengers-clinic/src/user/userDelivery/userDelivery.go:228.2,228.95 1 1
avengers-clinic/src/user/userDelivery/userDelivery.go:231.54,234.16 3 1
avengers-clinic/src/user/userDelivery/userDelivery.go:234.16,235.27 1 1
avengers-clinic/src/user/userDelivery/userDelivery.go:235.27,238.4 2 1
avengers-clinic/src/user/userDelivery/userDelivery.go:240.3,241.9 2 1
avengers-clinic/src/user/userDelivery/userDelivery.go:244.2,244.91 1 1
avengers-clinic/src/user/userDelivery/userDelivery.go:247.58,250.16 3 1
avengers-clinic/src/user/userDelivery/userDelivery.go:250.16,251.27 1 1
avengers-clinic/src/user/userDelivery/userDelivery.go:251.27,254.4 2 1
avengers-clinic/src/user/userDelivery/userDelivery.go:256.3,257.9 2 1
avengers-clinic/src/user/userDelivery/userDelivery.go:260.2,260.91 1 1
avengers-clinic/src/user/userDelivery/userDelivery.go:263.55,266.16 3 1
avengers-clinic/src/user/userDelivery/userDelivery.go:266.16,267.27 1 1
avengers-clinic/src/user/userDelivery/userDelivery.go:267.27,270.4 2 1
avengers-clinic/src/user/userDelivery/userDelivery.go:272.3,273.9 2 1
avengers-clinic/src/user/userDelivery/userDelivery.go:276.2,276.92 1 1
avengers-clinic/src/medicine/medicineDelivery/medicineDelivery.go:19.89,22.2 3 1
avengers-clinic/src/medicine/medicineDelivery/medicineDelivery.go:22.2,30.3 7 1
avengers-clinic/src/medicine/medicineDelivery/medicineDelivery.go:33.53,35.16 2 1
avengers-clinic/src/medicine/medicineDelivery/medicineDelivery.go:35.16,38.3 2 1
avengers-clinic/src/medicine/medicineDelivery/medicineDelivery.go:40.2,40.22 1 1
avengers-clinic/src/medicine/medicineDelivery/medicineDelivery.go:40.22,43.3 2 1
avengers-clinic/src/medicine/medicineDelivery/medicineDelivery.go:44.2,44.82 1 1
avengers-clinic/src/medicine/medicineDelivery/medicineDelivery.go:47.54,50.16 3 1
avengers-clinic/src/medicine/medicineDelivery/medicineDelivery.go:50.16,51.27 1 1
avengers-clinic/src/medicine/medicineDelivery/medicineDelivery.go:51.27,54.4 2 1
avengers-clinic/src/medicine/medicineDelivery/medicineDelivery.go:55.3,56.9 2 1
avengers-clinic/src/medicine/medicineDelivery/medicineDelivery.go:58.2,58.83 1 1
avengers-clinic/src/medicine/medicineDelivery/medicineDelivery.go:61.53,63.54 2 1
avengers-clinic/src/medicine/medicineDelivery/medicineDelivery.go:63.54,66.3 2 1
avengers-clinic/src/medicine/medicineDelivery/medicineDelivery.go:67.2,67.50 1 1
avengers-clinic/src/medicine/medicineDelivery/medicineDelivery.go:67.50,70.3 2 1
avengers-clinic/src/medicine/medicineDelivery/medicineDelivery.go:71.2,72.16 2 1
avengers-clinic/src/medicine/medicineDelivery/medicineDelivery.go:72.16,75.3 2 1
avengers-clinic/src/medicine/medicineDelivery/medicineDelivery.go:76.2,76.106 1 1
avengers-clinic/src/medicine/medicineDelivery/medicineDelivery.go:79.53,83.54 4 1
avengers-clinic/src/medicine/medicineDelivery/medicineDelivery.go:83.54,86.3 2 1
avengers-clinic/src/medicine/medicineDelivery/medicineDelivery.go:87.2,88.16 2 1
avengers-clinic/src/medicine/medicineDelivery/medicineDelivery.go:88.16,89.27 1 1
avengers-clinic/src/medicine/medicineDelivery/medicineDelivery.go:89.27,92.4 2 1
avengers-clinic/src/medicine/medicineDelivery/medicineDelivery.go:94.3,95.9 2 1
avengers-clinic/src/medicine/medicineDelivery/medicineDelivery.go:97.2,97.98 1 1
avengers-clinic/src/medicine/medicineDelivery/medicineDelivery.go:100.53,103.16 3 1
avengers-clinic/src/medicine/medicineDelivery/medicineDelivery.go:103.16,104.27 1 1
avengers-clinic/src/medicine/medicineDelivery/medicineDelivery.go:104.27,107.4 2 1
avengers-clinic/src/medicine/medicineDelivery/medicineDelivery.go:109.3,110.9 2 1
avengers-clinic/src/medicine/medicineDelivery/medicineDelivery.go:113.2,113.94 1 1
avengers-clinic/src/medicine/medicineDelivery/medicineDelivery.go:116.52,118.16 2 1
avengers-clinic/src/medicine/medicineDelivery/medicineDelivery.go:118.16,121.3 2 1
avengers-clinic/src/medicine/medicineDelivery/medicineDelivery.go:123.2,123.22 1 1
avengers-clinic/src/medicine/medicineDelivery/medicineDelivery.go:123.22,126.3 2 1
avengers-clinic/src/medicine/medicineDelivery/medicineDelivery.go:128.2,128.82 1 1
avengers-clinic/src/medicine/medicineDelivery/medicineDelivery.go:131.54,134.16 3 1
avengers-clinic/src/medicine/medicineDelivery/medicineDelivery.go:134.16,137.3 2 1
avengers-clinic/src/medicine/medicineDelivery/medicineDelivery.go:139.2,139.95 1 1
avengers-clinic/src/user/userUsecase/userUsecase.go:15.68,17.2 1 1
avengers-clinic/src/user/userUsecase/userUsecase.go:19.67,22.2 2 1
avengers-clinic/src/user/userUsecase/userUsecase.go:24.62,27.2 2 1
avengers-clinic/src/user/userUsecase/userUsecase.go:29.74,32.2 2 1
avengers-clinic/src/user/userUsecase/userUsecase.go:34.92,35.53 1 1
avengers-clinic/src/user/userUsecase/userUsecase.go:35.53,37.3 1 1
avengers-clinic/src/user/userUsecase/userUsecase.go:39.2,51.16 6 1
avengers-clinic/src/user/userUsecase/userUsecase.go:51.16,53.3 1 1
avengers-clinic/src/user/userUsecase/userUsecase.go:54.2,54.21 1 1
avengers-clinic/src/user/userUsecase/userUsecase.go:57.93,58.53 1 1
avengers-clinic/src/user/userUsecase/userUsecase.go:58.53,60.3 1 1
avengers-clinic/src/user/userUsecase/userUsecase.go:62.2,62.83 1 1
avengers-clinic/src/user/userUsecase/userUsecase.go:62.83,64.3 1 1
avengers-clinic/src/user/userUsecase/userUsecase.go:64.8,64.34 1 1
avengers-clinic/src/user/userUsecase/userUsecase.go:64.34,66.3 1 0
avengers-clinic/src/user/userUsecase/userUsecase.go:68.2,81.16 6 1
avengers-clinic/src/user/userUsecase/userUsecase.go:81.16,83.3 1 1
avengers-clinic/src/user/userUsecase/userUsecase.go:84.2,84.21 1 1
avengers-clinic/src/user/userUsecase/userUsecase.go:87.76,88.54 1 1
avengers-clinic/src/user/userUsecase/userUsecase.go:88.54,90.3 1 1
avengers-clinic/src/user/userUsecase/userUsecase.go:92.2,93.16 2 1
avengers-clinic/src/user/userUsecase/userUsecase.go:93.16,95.3 1 0
avengers-clinic/src/user/userUsecase/userUsecase.go:97.2,97.59 1 1
avengers-clinic/src/user/userUsecase/userUsecase.go:97.59,99.3 1 1
avengers-clinic/src/user/userUsecase/userUsecase.go:101.2,102.19 2 1
avengers-clinic/src/user/userUsecase/userUsecase.go:105.85,107.16 2 1
avengers-clinic/src/user/userUsecase/userUsecase.go:107.16,109.3 1 1
avengers-clinic/src/user/userUsecase/userUsecase.go:111.2,111.24 1 1
avengers-clinic/src/user/userUsecase/userUsecase.go:111.24,112.87 1 1
avengers-clinic/src/user/userUsecase/userUsecase.go:112.87,114.4 1 1
avengers-clinic/src/user/userUsecase/userUsecase.go:115.3,115.31 1 1
avengers-clinic/src/user/userUsecase/userUsecase.go:118.2,118.31 1 1
avengers-clinic/src/user/userUsecase/userUsecase.go:118.31,120.3 1 0
avengers-clinic/src/user/userUsecase/userUsecase.go:122.2,122.27 1 1
avengers-clinic/src/user/userUsecase/userUsecase.go:122.27,124.3 1 1
avengers-clinic/src/user/userUsecase/userUsecase.go:125.2,128.16 3 1
avengers-clinic/src/user/userUsecase/userUsecase.go:128.16,130.3 1 1
avengers-clinic/src/user/userUsecase/userUsecase.go:131.2,131.18 1 1
avengers-clinic/src/user/userUsecase/userUsecase.go:134.85,136.16 2 1
avengers-clinic/src/user/userUsecase/userUsecase.go:136.16,138.3 1 1
avengers-clinic/src/user/userUsecase/userUsecase.go:140.2,140.66 1 1
avengers-clinic/src/user/userUsecase/userUsecase.go:140.66,142.3 1 1
avengers-clinic/src/user/userUsecase/userUsecase.go:144.2,144.49 1 1
avengers-clinic/src/user/userUsecase/userUsecase.go:144.49,146.3 1 1
avengers-clinic/src/user/userUsecase/userUsecase.go:148.2,150.16 3 1
avengers-clinic/src/user/userUsecase/userUsecase.go:150.16,152.3 1 1
avengers-clinic/src/user/userUsecase/userUsecase.go:153.2,153.12 1 1
avengers-clinic/src/user/userUsecase/userUsecase.go:156.57,158.16 2 1
avengers-clinic/src/user/userUsecase/userUsecase.go:158.16,160.3 1 1
avengers-clinic/src/user/userUsecase/userUsecase.go:161.2,162.12 2 1
avengers-clinic/src/user/userUsecase/userUsecase.go:165.61,167.16 2 1
avengers-clinic/src/user/userUsecase/userUsecase.go:167.16,169.3 1 1
avengers-clinic/src/user/userUsecase/userUsecase.go:170.2,171.12 2 1
avengers-clinic/src/user/userUsecase/userUsecase.go:174.58,176.16 2 1
avengers-clinic/src/user/userUsecase/userUsecase.go:176.16,178.3 1 1
avengers-clinic/src/user/userUsecase/userUsecase.go:179.2,180.12 2 1
